Vuforia/app/build/outputs/logs/manifest-merger-debug-report.txt
-- Merging decision tree log ---
manifest
ADDED from src\main\AndroidManifest.xml:2:1-207:12
	package
		ADDED from src\main\AndroidManifest.xml:3:5-49
		INJECTED from src\main\AndroidManifest.xml
		INJECTED from src\main\AndroidManifest.xml
	android:versionName
		ADDED from src\main\AndroidManifest.xml:5:5-30
		INJECTED from src\main\AndroidManifest.xml
		INJECTED from src\main\AndroidManifest.xml
	android:versionCode
		ADDED from src\main\AndroidManifest.xml:4:5-30
		INJECTED from src\main\AndroidManifest.xml
		INJECTED from src\main\AndroidManifest.xml
	xmlns:android
		ADDED from src\main\AndroidManifest.xml:2:11-69
uses-sdk
ADDED from src\main\AndroidManifest.xml:14:5-74
	android:targetSdkVersion
		ADDED from src\main\AndroidManifest.xml:14:42-71
		INJECTED from src\main\AndroidManifest.xml
		INJECTED from src\main\AndroidManifest.xml
	android:minSdkVersion
		ADDED from src\main\AndroidManifest.xml:14:15-41
		INJECTED from src\main\AndroidManifest.xml
		INJECTED from src\main\AndroidManifest.xml
uses-feature#0x00020000
ADDED from src\main\AndroidManifest.xml:16:5-54
	android:glEsVersion
		ADDED from src\main\AndroidManifest.xml:16:19-51
uses-feature#android.hardware.camera
ADDED from src\main\AndroidManifest.xml:32:5-60
	android:name
		ADDED from src\main\AndroidManifest.xml:32:19-57
uses-permission#android.permission.CAMERA
ADDED from src\main\AndroidManifest.xml:37:5-65
	android:name
		ADDED from src\main\AndroidManifest.xml:37:22-62
uses-permission#android.permission.INTERNET
ADDED from src\main\AndroidManifest.xml:42:5-66
	android:name
		ADDED from src\main\AndroidManifest.xml:42:22-64
uses-permission#android.permission.ACCESS_NETWORK_STATE
ADDED from src\main\AndroidManifest.xml:48:5-79
	android:name
		ADDED from src\main\AndroidManifest.xml:48:22-76
uses-permission#android.permission.READ_EXTERNAL_STORAGE
ADDED from src\main\AndroidManifest.xml:50:5-79
	android:name
		ADDED from src\main\AndroidManifest.xml:50:22-77
uses-permission#android.permission.ACCESS_FINE_LOCATION
ADDED from src\main\AndroidManifest.xml:52:5-79
	android:name
		ADDED from src\main\AndroidManifest.xml:52:22-76
uses-permission#android.permission.ACCESS_COARSE_LOCATION
ADDED from src\main\AndroidManifest.xml:53:5-80
	android:name
		ADDED from src\main\AndroidManifest.xml:53:22-78
uses-permission#android.permission.ACCESS_WIFI_STATE
ADDED from src\main\AndroidManifest.xml:55:5-76
	android:name
		ADDED from src\main\AndroidManifest.xml:55:22-73
uses-permission#android.permission.WRITE_EXTERNAL_STORAGE
ADDED from src\main\AndroidManifest.xml:57:5-81
	android:name
		ADDED from src\main\AndroidManifest.xml:57:22-78
application
ADDED from src\main\AndroidManifest.xml:70:5-205:19
	android:label
		ADDED from src\main\AndroidManifest.xml:72:9-42
	android:launchMode
		ADDED from src\main\AndroidManifest.xml:74:9-40
	android:allowBackup
		ADDED from src\main\AndroidManifest.xml:75:9-35
	android:icon
		ADDED from src\main\AndroidManifest.xml:71:9-38
	android:description
		ADDED from src\main\AndroidManifest.xml:73:9-54
	android:theme
		ADDED from src\main\AndroidManifest.xml:76:9-47
activity#com.vuforia.samples.VuforiaSamples.ui.ActivityList.ActivitySplashScreen
ADDED from src\main\AndroidManifest.xml:95:10-102:21
	android:screenOrientation
		ADDED from src\main\AndroidManifest.xml:98:13-49
	android:noHistory
		ADDED from src\main\AndroidManifest.xml:99:13-37
	android:configChanges
		ADDED from src\main\AndroidManifest.xml:97:13-93
	android:name
		ADDED from src\main\AndroidManifest.xml:96:13-65
activity#com.vuforia.samples.VuforiaSamples.ui.ActivityList.ActivityLauncher
ADDED from src\main\AndroidManifest.xml:104:9-109:20
	android:screenOrientation
		ADDED from src\main\AndroidManifest.xml:107:13-49
	android:configChanges
		ADDED from src\main\AndroidManifest.xml:106:13-93
	android:name
		ADDED from src\main\AndroidManifest.xml:105:13-61
activity#com.vuforia.samples.VuforiaSamples.ui.ActivityList.AboutScreen
ADDED from src\main\AndroidManifest.xml:111:10-117:20
	android:screenOrientation
		ADDED from src\main\AndroidManifest.xml:114:13-49
	android:noHistory
		ADDED from src\main\AndroidManifest.xml:115:13-37
	android:configChanges
		ADDED from src\main\AndroidManifest.xml:113:13-93
	android:name
		ADDED from src\main\AndroidManifest.xml:112:13-56
activity#com.vuforia.samples.VuforiaSamples.app.ImageTargets.ImageTargets
ADDED from src\main\AndroidManifest.xml:119:9-131:20
	android:screenOrientation
		ADDED from src\main\AndroidManifest.xml:123:13-50
	android:launchMode
		ADDED from src\main\AndroidManifest.xml:124:11-42
	android:configChanges
		ADDED from src\main\AndroidManifest.xml:121:13-93
	android:theme
		ADDED from src\main\AndroidManifest.xml:122:10-48
	android:name
		ADDED from src\main\AndroidManifest.xml:120:13-58
intent-filter#android.intent.action.MAIN+android.intent.category.LAUNCHER
ADDED from src\main\AndroidManifest.xml:126:13-130:29
action#android.intent.action.MAIN
ADDED from src\main\AndroidManifest.xml:127:17-69
	android:name
		ADDED from src\main\AndroidManifest.xml:127:25-66
category#android.intent.category.LAUNCHER
ADDED from src\main\AndroidManifest.xml:129:17-77
	android:name
		ADDED from src\main\AndroidManifest.xml:129:27-74
activity#com.vuforia.samples.VuforiaSamples.app.VuMark.VuMark
ADDED from src\main\AndroidManifest.xml:133:9-139:20
	android:launchMode
		ADDED from src\main\AndroidManifest.xml:137:13-44
	android:configChanges
		ADDED from src\main\AndroidManifest.xml:135:13-93
	android:theme
		ADDED from src\main\AndroidManifest.xml:136:13-51
	android:name
		ADDED from src\main\AndroidManifest.xml:134:13-46
activity#com.vuforia.samples.VuforiaSamples.app.TextRecognition.TextReco
ADDED from src\main\AndroidManifest.xml:141:9-147:20
	android:launchMode
		ADDED from src\main\AndroidManifest.xml:145:12-43
	android:configChanges
		ADDED from src\main\AndroidManifest.xml:143:13-93
	android:theme
		ADDED from src\main\AndroidManifest.xml:144:10-48
	android:name
		ADDED from src\main\AndroidManifest.xml:142:13-57
activity#com.vuforia.samples.VuforiaSamples.app.CylinderTargets.CylinderTargets
ADDED from src\main\AndroidManifest.xml:149:9-155:20
	android:launchMode
		ADDED from src\main\AndroidManifest.xml:153:11-42
	android:configChanges
		ADDED from src\main\AndroidManifest.xml:151:13-93
	android:theme
		ADDED from src\main\AndroidManifest.xml:152:10-48
	android:name
		ADDED from src\main\AndroidManifest.xml:150:13-64
activity#com.vuforia.samples.VuforiaSamples.app.FrameMarkers.FrameMarkers
ADDED from src\main\AndroidManifest.xml:157:9-163:20
	android:launchMode
		ADDED from src\main\AndroidManifest.xml:161:11-42
	android:configChanges
		ADDED from src\main\AndroidManifest.xml:159:13-93
	android:theme
		ADDED from src\main\AndroidManifest.xml:160:10-48
	android:name
		ADDED from src\main\AndroidManifest.xml:158:13-58
activity#com.vuforia.samples.VuforiaSamples.app.VirtualButtons.VirtualButtons
ADDED from src\main\AndroidManifest.xml:165:9-171:20
	android:launchMode
		ADDED from src\main\AndroidManifest.xml:169:11-42
	android:configChanges
		ADDED from src\main\AndroidManifest.xml:167:13-93
	android:theme
		ADDED from src\main\AndroidManifest.xml:168:10-48
	android:name
		ADDED from src\main\AndroidManifest.xml:166:13-62
activity#com.vuforia.samples.VuforiaSamples.app.UserDefinedTargets.UserDefinedTargets
ADDED from src\main\AndroidManifest.xml:173:9-179:20
	android:launchMode
		ADDED from src\main\AndroidManifest.xml:177:11-42
	android:configChanges
		ADDED from src\main\AndroidManifest.xml:175:13-93
	android:theme
		ADDED from src\main\AndroidManifest.xml:176:10-48
	android:name
		ADDED from src\main\AndroidManifest.xml:174:13-70
activity#com.vuforia.samples.VuforiaSamples.app.MultiTargets.MultiTargets
ADDED from src\main\AndroidManifest.xml:181:9-187:20
	android:launchMode
		ADDED from src\main\AndroidManifest.xml:185:11-42
	android:configChanges
		ADDED from src\main\AndroidManifest.xml:183:13-93
	android:theme
		ADDED from src\main\AndroidManifest.xml:184:10-48
	android:name
		ADDED from src\main\AndroidManifest.xml:182:13-58
activity#com.vuforia.samples.VuforiaSamples.app.CloudRecognition.CloudReco
ADDED from src\main\AndroidManifest.xml:189:9-195:20
	android:launchMode
		ADDED from src\main\AndroidManifest.xml:193:11-42
	android:configChanges
		ADDED from src\main\AndroidManifest.xml:191:13-93
	android:theme
		ADDED from src\main\AndroidManifest.xml:192:10-48
	android:name
		ADDED from src\main\AndroidManifest.xml:190:13-59
activity#com.vuforia.samples.VuforiaSamples.app.ObjectRecognition.ObjectTargets
ADDED from src\main\AndroidManifest.xml:197:9-203:20
	android:launchMode
		ADDED from src\main\AndroidManifest.xml:201:11-42
	android:configChanges
		ADDED from src\main\AndroidManifest.xml:199:13-93
	android:theme
		ADDED from src\main\AndroidManifest.xml:200:10-48
	android:name
		ADDED from src\main\AndroidManifest.xml:198:13-64